This is pdfTeX, Version 3.14159265-2.6-1.40.16 (MiKTeX 2.9 64-bit) (preloaded format=pdflatex 2016.2.18)  15 MAY 2018 21:27
entering extended mode
**./FinalReport455.tex
(FinalReport455.tex
LaTeX2e <2016/02/01>
Babel <3.9n> and hyphenation patterns for 69 languages loaded.

("C:\Users\BDVR\AppData\Local\Programs\MiKTeX 2.9\tex\latex\koma-script\scrartc
l.cls"
Document Class: scrartcl 2015/10/03 v3.19a KOMA-Script document class (article)


("C:\Users\BDVR\AppData\Local\Programs\MiKTeX 2.9\tex\latex\koma-script\scrkbas
e.sty"
Package: scrkbase 2015/10/03 v3.19a KOMA-Script package (KOMA-Script-dependent 
basics and keyval usage)

("C:\Users\BDVR\AppData\Local\Programs\MiKTeX 2.9\tex\latex\koma-script\scrbase
.sty"
Package: scrbase 2015/10/03 v3.19a KOMA-Script package (KOMA-Script-independent
 basics and keyval usage)

("C:\Users\BDVR\AppData\Local\Programs\MiKTeX 2.9\tex\latex\graphics\keyval.sty
"
Package: keyval 2014/10/28 v1.15 key=value parser (DPC)
\KV@toks@=\toks14
)
("C:\Users\BDVR\AppData\Local\Programs\MiKTeX 2.9\tex\latex\koma-script\scrlfil
e.sty"
Package: scrlfile 2015/10/03 v3.19a KOMA-Script package (loading files)

Package scrlfile, 2015/10/03 v3.19a KOMA-Script package (loading files)
                  Copyright (C) Markus Kohm

)))
("C:\Users\BDVR\AppData\Local\Programs\MiKTeX 2.9\tex\latex\koma-script\tocbasi
c.sty"
Package: tocbasic 2015/10/03 v3.19a KOMA-Script package (handling toc-files)
)
Package tocbasic Info: omitting babel extension for `toc'
(tocbasic)             because of feature `nobabel' available
(tocbasic)             for `toc' on input line 123.
Package tocbasic Info: omitting babel extension for `lof'
(tocbasic)             because of feature `nobabel' available
(tocbasic)             for `lof' on input line 124.
Package tocbasic Info: omitting babel extension for `lot'
(tocbasic)             because of feature `nobabel' available
(tocbasic)             for `lot' on input line 125.
Class scrartcl Info: File `scrsize11pt.clo' used instead of
(scrartcl)           file `scrsize11.clo' to setup font sizes on input line 203
3.

("C:\Users\BDVR\AppData\Local\Programs\MiKTeX 2.9\tex\latex\koma-script\scrsize
11pt.clo"
File: scrsize11pt.clo 2015/10/03 v3.19a KOMA-Script font size class option (11p
t)
)
("C:\Users\BDVR\AppData\Local\Programs\MiKTeX 2.9\tex\latex\koma-script\typeare
a.sty"
Package: typearea 2015/10/03 v3.19a KOMA-Script package (type area)

Package typearea, 2015/10/03 v3.19a KOMA-Script package (type area)
                  Copyright (C) Frank Neukam, 1992-1994
                  Copyright (C) Markus Kohm, 1994-

\ta@bcor=\skip41
\ta@div=\count79
\ta@hblk=\skip42
\ta@vblk=\skip43
\ta@temp=\skip44
\footheight=\skip45
Package typearea Info: These are the values describing the layout:
(typearea)             DIV  = 10
(typearea)             BCOR = 0.0pt
(typearea)             \paperwidth      = 597.50793pt
(typearea)              \textwidth      = 418.25555pt
(typearea)              DIV departure   = -6%
(typearea)              \evensidemargin = 17.3562pt
(typearea)              \oddsidemargin  = 17.3562pt
(typearea)             \paperheight     = 845.04694pt
(typearea)              \textheight     = 595.80026pt
(typearea)              \topmargin      = -25.16531pt
(typearea)              \headheight     = 17.0pt
(typearea)              \headsep        = 20.40001pt
(typearea)              \topskip        = 11.0pt
(typearea)              \footskip       = 47.6pt
(typearea)              \baselineskip   = 13.6pt
(typearea)              on input line 1509.
)
\c@part=\count80
\c@section=\count81
\c@subsection=\count82
\c@subsubsection=\count83
\c@paragraph=\count84
\c@subparagraph=\count85
LaTeX Info: Redefining \textsubscript on input line 3906.
\abovecaptionskip=\skip46
\belowcaptionskip=\skip47
\c@pti@nb@sid@b@x=\box26
\c@figure=\count86
\c@table=\count87
\bibindent=\dimen102
)
("C:\Users\BDVR\AppData\Local\Programs\MiKTeX 2.9\tex\latex\geometry\geometry.s
ty"
Package: geometry 2010/09/12 v5.6 Page Geometry

("C:\Users\BDVR\AppData\Local\Programs\MiKTeX 2.9\tex\generic\oberdiek\ifpdf.st
y"
Package: ifpdf 2011/01/30 v2.3 Provides the ifpdf switch (HO)
Package ifpdf Info: pdfTeX in PDF mode is detected.
)
("C:\Users\BDVR\AppData\Local\Programs\MiKTeX 2.9\tex\generic\oberdiek\ifvtex.s
ty"
Package: ifvtex 2010/03/01 v1.5 Detect VTeX and its facilities (HO)
Package ifvtex Info: VTeX not detected.
)
("C:\Users\BDVR\AppData\Local\Programs\MiKTeX 2.9\tex\generic\ifxetex\ifxetex.s
ty"
Package: ifxetex 2010/09/12 v0.6 Provides ifxetex conditional
)
\Gm@cnth=\count88
\Gm@cntv=\count89
\c@Gm@tempcnt=\count90
\Gm@bindingoffset=\dimen103
\Gm@wd@mp=\dimen104
\Gm@odd@mp=\dimen105
\Gm@even@mp=\dimen106
\Gm@layoutwidth=\dimen107
\Gm@layoutheight=\dimen108
\Gm@layouthoffset=\dimen109
\Gm@layoutvoffset=\dimen110
\Gm@dimlist=\toks15

("C:\Users\BDVR\AppData\Local\Programs\MiKTeX 2.9\tex\latex\geometry\geometry.c
fg"))
("C:\Users\BDVR\AppData\Local\Programs\MiKTeX 2.9\tex\latex\graphics\color.sty"
Package: color 2016/01/03 v1.1b Standard LaTeX Color (DPC)
("C:\Users\BDVR\AppData\Local\Programs\MiKTeX 2.9\tex\latex\00miktex\color.cfg"
File: color.cfg 2007/01/18 v1.5 color configuration of teTeX/TeXLive
)
Package color Info: Driver file: pdftex.def on input line 143.

("C:\Users\BDVR\AppData\Local\Programs\MiKTeX 2.9\tex\latex\pdftex-def\pdftex.d
ef"
File: pdftex.def 2011/05/27 v0.06d Graphics/color for pdfTeX

("C:\Users\BDVR\AppData\Local\Programs\MiKTeX 2.9\tex\generic\oberdiek\infwarer
r.sty"
Package: infwarerr 2010/04/08 v1.3 Providing info/warning/error messages (HO)
)
("C:\Users\BDVR\AppData\Local\Programs\MiKTeX 2.9\tex\generic\oberdiek\ltxcmds.
sty"
Package: ltxcmds 2011/11/09 v1.22 LaTeX kernel commands for general use (HO)
)
\Gread@gobject=\count91
))
("C:\Users\BDVR\AppData\Local\Programs\MiKTeX 2.9\tex\latex\psnfss\times.sty"
Package: times 2005/04/12 PSNFSS-v9.2a (SPQR) 
)
("C:\Users\BDVR\AppData\Local\Programs\MiKTeX 2.9\tex\latex\hyperref\hyperref.s
ty"
Package: hyperref 2012/11/06 v6.83m Hypertext links for LaTeX

("C:\Users\BDVR\AppData\Local\Programs\MiKTeX 2.9\tex\generic\oberdiek\hobsub-h
yperref.sty"
Package: hobsub-hyperref 2012/04/25 v1.12 Bundle oberdiek, subset hyperref (HO)


("C:\Users\BDVR\AppData\Local\Programs\MiKTeX 2.9\tex\generic\oberdiek\hobsub-g
eneric.sty"
Package: hobsub-generic 2012/04/25 v1.12 Bundle oberdiek, subset generic (HO)
Package: hobsub 2012/04/25 v1.12 Construct package bundles (HO)
Package hobsub Info: Skipping package `infwarerr' (already loaded).
Package hobsub Info: Skipping package `ltxcmds' (already loaded).
Package: ifluatex 2010/03/01 v1.3 Provides the ifluatex switch (HO)
Package ifluatex Info: LuaTeX not detected.
Package hobsub Info: Skipping package `ifvtex' (already loaded).
Package: intcalc 2007/09/27 v1.1 Expandable calculations with integers (HO)
Package hobsub Info: Skipping package `ifpdf' (already loaded).
Package: etexcmds 2011/02/16 v1.5 Avoid name clashes with e-TeX commands (HO)
Package etexcmds Info: Could not find \expanded.
(etexcmds)             That can mean that you are not using pdfTeX 1.50 or
(etexcmds)             that some package has redefined \expanded.
(etexcmds)             In the latter case, load this package earlier.
Package: kvsetkeys 2012/04/25 v1.16 Key value parser (HO)
Package: kvdefinekeys 2011/04/07 v1.3 Define keys (HO)
Package: pdftexcmds 2011/11/29 v0.20 Utility functions of pdfTeX for LuaTeX (HO
)
Package pdftexcmds Info: LuaTeX not detected.
Package pdftexcmds Info: \pdf@primitive is available.
Package pdftexcmds Info: \pdf@ifprimitive is available.
Package pdftexcmds Info: \pdfdraftmode found.
Package: pdfescape 2011/11/25 v1.13 Implements pdfTeX's escape features (HO)
Package: bigintcalc 2012/04/08 v1.3 Expandable calculations on big integers (HO
)
Package: bitset 2011/01/30 v1.1 Handle bit-vector datatype (HO)
Package: uniquecounter 2011/01/30 v1.2 Provide unlimited unique counter (HO)
)
Package hobsub Info: Skipping package `hobsub' (already loaded).
Package: letltxmacro 2010/09/02 v1.4 Let assignment for LaTeX macros (HO)
Package: hopatch 2011/06/24 v1.1 Wrapper for package hooks (HO)
Package: xcolor-patch 2011/01/30 xcolor patch
Package: atveryend 2011/06/30 v1.8 Hooks at the very end of document (HO)
Package atveryend Info: \enddocument detected (standard20110627).
Package: atbegshi 2011/10/05 v1.16 At begin shipout hook (HO)
Package: refcount 2011/10/16 v3.4 Data extraction from label references (HO)
Package: hycolor 2011/01/30 v1.7 Color options for hyperref/bookmark (HO)
)
("C:\Users\BDVR\AppData\Local\Programs\MiKTeX 2.9\tex\latex\oberdiek\auxhook.st
y"
Package: auxhook 2011/03/04 v1.3 Hooks for auxiliary files (HO)
)
("C:\Users\BDVR\AppData\Local\Programs\MiKTeX 2.9\tex\latex\oberdiek\kvoptions.
sty"
Package: kvoptions 2011/06/30 v3.11 Key value format for package options (HO)
)
\@linkdim=\dimen111
\Hy@linkcounter=\count92
\Hy@pagecounter=\count93

("C:\Users\BDVR\AppData\Local\Programs\MiKTeX 2.9\tex\latex\hyperref\pd1enc.def
"
File: pd1enc.def 2012/11/06 v6.83m Hyperref: PDFDocEncoding definition (HO)
)
\Hy@SavedSpaceFactor=\count94

("C:\Users\BDVR\AppData\Local\Programs\MiKTeX 2.9\tex\latex\00miktex\hyperref.c
fg"
File: hyperref.cfg 2002/06/06 v1.2 hyperref configuration of TeXLive
)
Package hyperref Info: Hyper figures OFF on input line 4443.
Package hyperref Info: Link nesting OFF on input line 4448.
Package hyperref Info: Hyper index ON on input line 4451.
Package hyperref Info: Plain pages OFF on input line 4458.
Package hyperref Info: Backreferencing OFF on input line 4463.
Package hyperref Info: Implicit mode ON; LaTeX internals redefined.
Package hyperref Info: Bookmarks ON on input line 4688.
\c@Hy@tempcnt=\count95
 ("C:\Users\BDVR\AppData\Local\Programs\MiKTeX 2.9\tex\latex\url\url.sty"
\Urlmuskip=\muskip10
Package: url 2013/09/16  ver 3.4  Verb mode for urls, etc.
)
LaTeX Info: Redefining \url on input line 5041.
\XeTeXLinkMargin=\dimen112
\Fld@menulength=\count96
\Field@Width=\dimen113
\Fld@charsize=\dimen114
Package hyperref Info: Hyper figures OFF on input line 6295.
Package hyperref Info: Link nesting OFF on input line 6300.
Package hyperref Info: Hyper index ON on input line 6303.
Package hyperref Info: backreferencing OFF on input line 6310.
Package hyperref Info: Link coloring OFF on input line 6315.
Package hyperref Info: Link coloring with OCG OFF on input line 6320.
Package hyperref Info: PDF/A mode OFF on input line 6325.
LaTeX Info: Redefining \ref on input line 6365.
LaTeX Info: Redefining \pageref on input line 6369.
\Hy@abspage=\count97
\c@Item=\count98
\c@Hfootnote=\count99
)

Package hyperref Message: Driver: hpdftex.


("C:\Users\BDVR\AppData\Local\Programs\MiKTeX 2.9\tex\latex\hyperref\hpdftex.de
f"
File: hpdftex.def 2012/11/06 v6.83m Hyperref driver for pdfTeX
\Fld@listcount=\count100
\c@bookmark@seq@number=\count101

("C:\Users\BDVR\AppData\Local\Programs\MiKTeX 2.9\tex\latex\oberdiek\rerunfilec
heck.sty"
Package: rerunfilecheck 2011/04/15 v1.7 Rerun checks for auxiliary files (HO)
Package uniquecounter Info: New unique counter `rerunfilecheck' on input line 2
82.
)
\Hy@SectionHShift=\skip48
)
("C:\Users\BDVR\AppData\Local\Programs\MiKTeX 2.9\tex\latex\graphics\graphicx.s
ty"
Package: graphicx 2014/10/28 v1.0g Enhanced LaTeX Graphics (DPC,SPQR)

("C:\Users\BDVR\AppData\Local\Programs\MiKTeX 2.9\tex\latex\graphics\graphics.s
ty"
Package: graphics 2016/01/03 v1.0q Standard LaTeX Graphics (DPC,SPQR)

("C:\Users\BDVR\AppData\Local\Programs\MiKTeX 2.9\tex\latex\graphics\trig.sty"
Package: trig 2016/01/03 v1.10 sin cos tan (DPC)
)
("C:\Users\BDVR\AppData\Local\Programs\MiKTeX 2.9\tex\latex\00miktex\graphics.c
fg"
File: graphics.cfg 2007/01/18 v1.5 graphics configuration of teTeX/TeXLive
)
Package graphics Info: Driver file: pdftex.def on input line 95.
)
\Gin@req@height=\dimen115
\Gin@req@width=\dimen116
)
("C:\Users\BDVR\AppData\Local\Programs\MiKTeX 2.9\tex\latex\caption\caption.sty
"
Package: caption 2016/02/02 v3.3-136 Customizing captions (AR)

("C:\Users\BDVR\AppData\Local\Programs\MiKTeX 2.9\tex\latex\caption\caption3.st
y"
Package: caption3 2016/02/02 v1.7-136 caption3 kernel (AR)
Package caption3 Info: TeX engine: e-TeX on input line 57.
\captionmargin=\dimen117
\captionmargin@=\dimen118
\captionwidth=\dimen119
\caption@tempdima=\dimen120
\caption@indent=\dimen121
\caption@parindent=\dimen122
\caption@hangindent=\dimen123
)
Package caption Info: KOMA-Script document class.
\c@ContinuedFloat=\count102
Package caption Info: hyperref package is loaded.
) ("C:\Users\BDVR\AppData\Local\Programs\MiKTeX 2.9\tex\latex\float\float.sty"
Package: float 2001/11/08 v1.3d Float enhancements (AL)
\c@float@type=\count103
\float@exts=\toks16
\float@box=\box27
\@float@everytoks=\toks17
\@floatcapt=\box28
) (FinalReport455.aux)
\openout1 = `FinalReport455.aux'.

LaTeX Font Info:    Checking defaults for OML/cmm/m/it on input line 21.
LaTeX Font Info:    ... okay on input line 21.
LaTeX Font Info:    Checking defaults for T1/cmr/m/n on input line 21.
LaTeX Font Info:    ... okay on input line 21.
LaTeX Font Info:    Checking defaults for OT1/cmr/m/n on input line 21.
LaTeX Font Info:    ... okay on input line 21.
LaTeX Font Info:    Checking defaults for OMS/cmsy/m/n on input line 21.
LaTeX Font Info:    ... okay on input line 21.
LaTeX Font Info:    Checking defaults for OMX/cmex/m/n on input line 21.
LaTeX Font Info:    ... okay on input line 21.
LaTeX Font Info:    Checking defaults for U/cmr/m/n on input line 21.
LaTeX Font Info:    ... okay on input line 21.
LaTeX Font Info:    Checking defaults for PD1/pdf/m/n on input line 21.
LaTeX Font Info:    ... okay on input line 21.
LaTeX Font Info:    Try loading font information for OT1+ptm on input line 21.

("C:\Users\BDVR\AppData\Local\Programs\MiKTeX 2.9\tex\latex\psnfss\ot1ptm.fd"
File: ot1ptm.fd 2001/06/04 font definitions for OT1/ptm.
)
*geometry* driver: auto-detecting
*geometry* detected driver: pdftex
*geometry* verbose mode - [ preamble ] result:
* driver: pdftex
* paper: <default>
* layout: <same size as paper>
* layoutoffset:(h,v)=(0.0pt,0.0pt)
* modes: 
* h-part:(L,W,R)=(72.26999pt, 452.96796pt, 72.26999pt)
* v-part:(T,H,B)=(72.26999pt, 700.50696pt, 72.26999pt)
* \paperwidth=597.50793pt
* \paperheight=845.04694pt
* \textwidth=452.96796pt
* \textheight=700.50696pt
* \oddsidemargin=0.0pt
* \evensidemargin=0.0pt
* \topmargin=-37.40001pt
* \headheight=17.0pt
* \headsep=20.40001pt
* \topskip=11.0pt
* \footskip=47.6pt
* \marginparwidth=59.7508pt
* \marginparsep=12.8401pt
* \columnsep=10.0pt
* \skip\footins=10.0pt plus 4.0pt minus 2.0pt
* \hoffset=0.0pt
* \voffset=0.0pt
* \mag=1000
* \@twocolumnfalse
* \@twosidefalse
* \@mparswitchfalse
* \@reversemarginfalse
* (1in=72.27pt=25.4mm, 1cm=28.453pt)


("C:\Users\BDVR\AppData\Local\Programs\MiKTeX 2.9\tex\context\base\supp-pdf.mki
i"
[Loading MPS to PDF converter (version 2006.09.02).]
\scratchcounter=\count104
\scratchdimen=\dimen124
\scratchbox=\box29
\nofMPsegments=\count105
\nofMParguments=\count106
\everyMPshowfont=\toks18
\MPscratchCnt=\count107
\MPscratchDim=\dimen125
\MPnumerator=\count108
\makeMPintoPDFobject=\count109
\everyMPtoPDFconversion=\toks19
)
\AtBeginShipoutBox=\box30
Package hyperref Info: Link coloring OFF on input line 21.

("C:\Users\BDVR\AppData\Local\Programs\MiKTeX 2.9\tex\latex\hyperref\nameref.st
y"
Package: nameref 2012/10/27 v2.43 Cross-referencing by name of section

("C:\Users\BDVR\AppData\Local\Programs\MiKTeX 2.9\tex\generic\oberdiek\gettitle
string.sty"
Package: gettitlestring 2010/12/03 v1.4 Cleanup title references (HO)
)
\c@section@level=\count110
)
LaTeX Info: Redefining \ref on input line 21.
LaTeX Info: Redefining \pageref on input line 21.
LaTeX Info: Redefining \nameref on input line 21.
 (FinalReport455.out) (FinalReport455.out)
\@outlinefile=\write3
\openout3 = `FinalReport455.out'.

Package caption Info: Begin \AtBeginDocument code.
Package caption Info: float package is loaded.
Package caption Info: End \AtBeginDocument code.
LaTeX Font Info:    Try loading font information for OT1+phv on input line 24.

("C:\Users\BDVR\AppData\Local\Programs\MiKTeX 2.9\tex\latex\psnfss\ot1phv.fd"
File: ot1phv.fd 2001/06/04 scalable font definitions for OT1/phv.
)
LaTeX Font Info:    Font shape `OT1/phv/bx/n' in size <10.95> not available
(Font)              Font shape `OT1/phv/b/n' tried instead on input line 24.
LaTeX Font Info:    Font shape `OT1/phv/bx/n' in size <20.74> not available
(Font)              Font shape `OT1/phv/b/n' tried instead on input line 24.
LaTeX Font Info:    External font `cmex10' loaded for size
(Font)              <14.4> on input line 24.
LaTeX Font Info:    External font `cmex10' loaded for size
(Font)              <7> on input line 24.
LaTeX Font Info:    Font shape `OT1/phv/bx/n' in size <14.4> not available
(Font)              Font shape `OT1/phv/b/n' tried instead on input line 31.

[1


{C:/Users/BDVR/AppData/Local/MiKTeX/2.9/pdftex/config/pdftex.map}]
LaTeX Font Info:    Font shape `OT1/ptm/bx/n' in size <10.95> not available
(Font)              Font shape `OT1/ptm/b/n' tried instead on input line 48.
LaTeX Font Info:    Font shape `OT1/phv/bx/n' in size <12> not available
(Font)              Font shape `OT1/phv/b/n' tried instead on input line 69.

<GameAverages.png, id=12, 508.14844pt x 376.40625pt>
File: GameAverages.png Graphic file (type png)
 <use GameAverages.png>
Package pdftex.def Info: GameAverages.png used on input line 75.
(pdftex.def)             Requested size: 203.25577pt x 150.55983pt.

<GameAverages2.png, id=13, 526.96875pt x 376.40625pt>
File: GameAverages2.png Graphic file (type png)
 <use GameAverages2.png>
Package pdftex.def Info: GameAverages2.png used on input line 76.
(pdftex.def)             Requested size: 210.78375pt x 150.55983pt.

[2] <SeasonShotPercent.png, id=21, 579.66562pt x 414.04688pt>
File: SeasonShotPercent.png Graphic file (type png)

<use SeasonShotPercent.png>
Package pdftex.def Info: SeasonShotPercent.png used on input line 84.
(pdftex.def)             Requested size: 289.83209pt x 207.02292pt.
 <FGnorm.pdf, id=22, 307.1475pt x 271.0125pt>
File: FGnorm.pdf Graphic file (type pdf)

<use FGnorm.pdf>
Package pdftex.def Info: FGnorm.pdf used on input line 91.
(pdftex.def)             Requested size: 184.28992pt x 162.60875pt.
 <3pnorm.pdf, id=23, 307.1475pt x 271.0125pt>
File: 3pnorm.pdf Graphic file (type pdf)
 <use 3pnorm.pdf>
Package pdftex.def Info: 3pnorm.pdf used on input line 92.
(pdftex.def)             Requested size: 184.28992pt x 162.60875pt.

<rbnorm.pdf, id=24, 307.1475pt x 271.0125pt>
File: rbnorm.pdf Graphic file (type pdf)
 <use rbnorm.pdf>
Package pdftex.def Info: rbnorm.pdf used on input line 93.
(pdftex.def)             Requested size: 184.28992pt x 162.60875pt.

<assnorm.pdf, id=25, 307.1475pt x 271.0125pt>
File: assnorm.pdf Graphic file (type pdf)
 <use assnorm.pdf>
Package pdftex.def Info: assnorm.pdf used on input line 94.
(pdftex.def)             Requested size: 184.28992pt x 162.60875pt.
 [3 <./GameAverages.png> <./GameAverages2.png> <./SeasonShotPercent.png>]
<TourneyShotPercent.png, id=36, 579.66562pt x 414.04688pt>
File: TourneyShotPercent.png Graphic file (type png)

<use TourneyShotPercent.png>
Package pdftex.def Info: TourneyShotPercent.png used on input line 101.
(pdftex.def)             Requested size: 289.83209pt x 207.02292pt.
 [4 <./FGnorm.pdf> <./3pnorm.pdf> <./rbnorm.pdf> <./assnorm.pdf>] <overLeaders.
pdf, id=67, 505.89pt x 505.89pt>
File: overLeaders.pdf Graphic file (type pdf)

<use overLeaders.pdf>
Package pdftex.def Info: overLeaders.pdf used on input line 108.
(pdftex.def)             Requested size: 252.94437pt x 252.94437pt.
 [5 <./TourneyShotPercent.png> <./overLeaders.pdf>]
<HistOfSuccess2.pdf, id=81, 505.89pt x 505.89pt>
File: HistOfSuccess2.pdf Graphic file (type pdf)
 <use HistOfSuccess2.pdf>
Package pdftex.def Info: HistOfSuccess2.pdf used on input line 115.
(pdftex.def)             Requested size: 252.94437pt x 252.94437pt.
LaTeX Font Info:    External font `cmex10' loaded for size
(Font)              <10.95> on input line 120.
LaTeX Font Info:    External font `cmex10' loaded for size
(Font)              <8> on input line 120.
LaTeX Font Info:    External font `cmex10' loaded for size
(Font)              <6> on input line 120.
LaTeX Font Info:    Try loading font information for OMS+ptm on input line 125.


("C:\Users\BDVR\AppData\Local\Programs\MiKTeX 2.9\tex\latex\psnfss\omsptm.fd"
File: omsptm.fd 
)
LaTeX Font Info:    Font shape `OMS/ptm/m/n' in size <10.95> not available
(Font)              Font shape `OMS/cmsy/m/n' tried instead on input line 125.

[6 <./HistOfSuccess2.pdf>] [7]
LaTeX Font Info:    Try loading font information for OT1+pcr on input line 175.


("C:\Users\BDVR\AppData\Local\Programs\MiKTeX 2.9\tex\latex\psnfss\ot1pcr.fd"
File: ot1pcr.fd 2001/06/04 font definitions for OT1/pcr.
)
Missing character: There is no â in font pcrr7t!
Missing character: There is no € in font pcrr7t!
Missing character: There is no ˜ in font pcrr7t!
Missing character: There is no â in font pcrr7t!
Missing character: There is no € in font pcrr7t!
Missing character: There is no ™ in font pcrr7t!
Missing character: There is no â in font pcrr7t!
Missing character: There is no € in font pcrr7t!
Missing character: There is no ˜ in font pcrr7t!
Missing character: There is no â in font pcrr7t!
Missing character: There is no € in font pcrr7t!
Missing character: There is no ™ in font pcrr7t!
Missing character: There is no â in font pcrr7t!
Missing character: There is no € in font pcrr7t!
Missing character: There is no ˜ in font pcrr7t!
Missing character: There is no â in font pcrr7t!
Missing character: There is no € in font pcrr7t!
Missing character: There is no ™ in font pcrr7t!
Missing character: There is no â in font pcrr7t!
Missing character: There is no € in font pcrr7t!
Missing character: There is no ˜ in font pcrr7t!
Missing character: There is no â in font pcrr7t!
Missing character: There is no € in font pcrr7t!
Missing character: There is no ™ in font pcrr7t!
Missing character: There is no â in font pcrr7t!
Missing character: There is no € in font pcrr7t!
Missing character: There is no ˜ in font pcrr7t!
Missing character: There is no â in font pcrr7t!
Missing character: There is no € in font pcrr7t!
Missing character: There is no ™ in font pcrr7t!

[8]
Missing character: There is no â in font pcrr7t!
Missing character: There is no € in font pcrr7t!
Missing character: There is no ˜ in font pcrr7t!
Missing character: There is no â in font pcrr7t!
Missing character: There is no € in font pcrr7t!
Missing character: There is no ™ in font pcrr7t!
Missing character: There is no â in font pcrr7t!
Missing character: There is no € in font pcrr7t!
Missing character: There is no ˜ in font pcrr7t!
Missing character: There is no â in font pcrr7t!
Missing character: There is no € in font pcrr7t!
Missing character: There is no ™ in font pcrr7t!
Missing character: There is no â in font pcrr7t!
Missing character: There is no € in font pcrr7t!
Missing character: There is no ˜ in font pcrr7t!
Missing character: There is no â in font pcrr7t!
Missing character: There is no € in font pcrr7t!
Missing character: There is no ™ in font pcrr7t!
Missing character: There is no â in font pcrr7t!
Missing character: There is no € in font pcrr7t!
Missing character: There is no ˜ in font pcrr7t!
Missing character: There is no â in font pcrr7t!
Missing character: There is no € in font pcrr7t!
Missing character: There is no ™ in font pcrr7t!
Missing character: There is no â in font pcrr7t!
Missing character: There is no € in font pcrr7t!
Missing character: There is no ˜ in font pcrr7t!
Missing character: There is no â in font pcrr7t!
Missing character: There is no € in font pcrr7t!
Missing character: There is no ™ in font pcrr7t!
 [9]
Missing character: There is no â in font pcrr7t!
Missing character: There is no € in font pcrr7t!
Missing character: There is no ˜ in font pcrr7t!
Missing character: There is no â in font pcrr7t!
Missing character: There is no € in font pcrr7t!
Missing character: There is no ™ in font pcrr7t!
Missing character: There is no â in font pcrr7t!
Missing character: There is no € in font pcrr7t!
Missing character: There is no ˜ in font pcrr7t!
Missing character: There is no â in font pcrr7t!
Missing character: There is no € in font pcrr7t!
Missing character: There is no ™ in font pcrr7t!
Missing character: There is no â in font pcrr7t!
Missing character: There is no € in font pcrr7t!
Missing character: There is no ˜ in font pcrr7t!
Missing character: There is no â in font pcrr7t!
Missing character: There is no € in font pcrr7t!
Missing character: There is no ™ in font pcrr7t!
Missing character: There is no â in font pcrr7t!
Missing character: There is no € in font pcrr7t!
Missing character: There is no ˜ in font pcrr7t!
Missing character: There is no â in font pcrr7t!
Missing character: There is no € in font pcrr7t!
Missing character: There is no ™ in font pcrr7t!
Missing character: There is no â in font pcrr7t!
Missing character: There is no € in font pcrr7t!
Missing character: There is no ˜ in font pcrr7t!
Missing character: There is no â in font pcrr7t!
Missing character: There is no € in font pcrr7t!
Missing character: There is no ™ in font pcrr7t!
 <2009resid.png, id=120, 376.40625pt x 376.40625pt>
File: 2009resid.png Graphic file (type png)
 <use 2009resid.png>
Package pdftex.def Info: 2009resid.png used on input line 286.
(pdftex.def)             Requested size: 225.84547pt x 225.84547pt.

<2009box.png, id=121, 376.40625pt x 376.40625pt>
File: 2009box.png Graphic file (type png)
 <use 2009box.png>
Package pdftex.def Info: 2009box.png used on input line 296.
(pdftex.def)             Requested size: 225.84547pt x 225.84547pt.
 [10 <./2009resid.png>]
Missing character: There is no â in font pcrr7t!
Missing character: There is no € in font pcrr7t!
Missing character: There is no ˜ in font pcrr7t!
Missing character: There is no â in font pcrr7t!
Missing character: There is no € in font pcrr7t!
Missing character: There is no ™ in font pcrr7t!
Missing character: There is no â in font pcrr7t!
Missing character: There is no € in font pcrr7t!
Missing character: There is no ˜ in font pcrr7t!
Missing character: There is no â in font pcrr7t!
Missing character: There is no € in font pcrr7t!
Missing character: There is no ™ in font pcrr7t!
Missing character: There is no â in font pcrr7t!
Missing character: There is no € in font pcrr7t!
Missing character: There is no ˜ in font pcrr7t!
Missing character: There is no â in font pcrr7t!
Missing character: There is no € in font pcrr7t!
Missing character: There is no ™ in font pcrr7t!
Missing character: There is no â in font pcrr7t!
Missing character: There is no € in font pcrr7t!
Missing character: There is no ˜ in font pcrr7t!
Missing character: There is no â in font pcrr7t!
Missing character: There is no € in font pcrr7t!
Missing character: There is no ™ in font pcrr7t!
Missing character: There is no â in font pcrr7t!
Missing character: There is no € in font pcrr7t!
Missing character: There is no ˜ in font pcrr7t!
Missing character: There is no â in font pcrr7t!
Missing character: There is no € in font pcrr7t!
Missing character: There is no ™ in font pcrr7t!
 <2009Aresid.png, id=129, 376.40625pt x 376.40625pt>
File: 2009Aresid.png Graphic file (type png)

<use 2009Aresid.png>
Package pdftex.def Info: 2009Aresid.png used on input line 338.
(pdftex.def)             Requested size: 225.84547pt x 225.84547pt.
 [11 <./2009box.png>]
<2009Anorm.png, id=136, 376.40625pt x 376.40625pt>
File: 2009Anorm.png Graphic file (type png)
 <use 2009Anorm.png>
Package pdftex.def Info: 2009Anorm.png used on input line 350.
(pdftex.def)             Requested size: 225.84547pt x 225.84547pt.
 [12 <./2009Aresid.png> <./2009Anorm.png>]
Missing character: There is no â in font pcrr7t!
Missing character: There is no € in font pcrr7t!
Missing character: There is no ˜ in font pcrr7t!
Missing character: There is no â in font pcrr7t!
Missing character: There is no € in font pcrr7t!
Missing character: There is no ™ in font pcrr7t!
Missing character: There is no â in font pcrr7t!
Missing character: There is no € in font pcrr7t!
Missing character: There is no ˜ in font pcrr7t!
Missing character: There is no â in font pcrr7t!
Missing character: There is no € in font pcrr7t!
Missing character: There is no ™ in font pcrr7t!
Missing character: There is no â in font pcrr7t!
Missing character: There is no € in font pcrr7t!
Missing character: There is no ˜ in font pcrr7t!
Missing character: There is no â in font pcrr7t!
Missing character: There is no € in font pcrr7t!
Missing character: There is no ™ in font pcrr7t!
Missing character: There is no â in font pcrr7t!
Missing character: There is no € in font pcrr7t!
Missing character: There is no ˜ in font pcrr7t!
Missing character: There is no â in font pcrr7t!
Missing character: There is no € in font pcrr7t!
Missing character: There is no ™ in font pcrr7t!
Missing character: There is no â in font pcrr7t!
Missing character: There is no € in font pcrr7t!
Missing character: There is no ˜ in font pcrr7t!
Missing character: There is no â in font pcrr7t!
Missing character: There is no € in font pcrr7t!
Missing character: There is no ™ in font pcrr7t!
 [13] [14]
Missing character: There is no â in font pcrr7t!
Missing character: There is no € in font pcrr7t!
Missing character: There is no ˜ in font pcrr7t!
Missing character: There is no â in font pcrr7t!
Missing character: There is no € in font pcrr7t!
Missing character: There is no ™ in font pcrr7t!
Missing character: There is no â in font pcrr7t!
Missing character: There is no € in font pcrr7t!
Missing character: There is no ˜ in font pcrr7t!
Missing character: There is no â in font pcrr7t!
Missing character: There is no € in font pcrr7t!
Missing character: There is no ™ in font pcrr7t!
Missing character: There is no â in font pcrr7t!
Missing character: There is no € in font pcrr7t!
Missing character: There is no ˜ in font pcrr7t!
Missing character: There is no â in font pcrr7t!
Missing character: There is no € in font pcrr7t!
Missing character: There is no ™ in font pcrr7t!
Missing character: There is no â in font pcrr7t!
Missing character: There is no € in font pcrr7t!
Missing character: There is no ˜ in font pcrr7t!
Missing character: There is no â in font pcrr7t!
Missing character: There is no € in font pcrr7t!
Missing character: There is no ™ in font pcrr7t!
Missing character: There is no â in font pcrr7t!
Missing character: There is no € in font pcrr7t!
Missing character: There is no ˜ in font pcrr7t!
Missing character: There is no â in font pcrr7t!
Missing character: There is no € in font pcrr7t!
Missing character: There is no ™ in font pcrr7t!
 [15]
Missing character: There is no â in font pcrr7t!
Missing character: There is no € in font pcrr7t!
Missing character: There is no ˜ in font pcrr7t!
Missing character: There is no â in font pcrr7t!
Missing character: There is no € in font pcrr7t!
Missing character: There is no ™ in font pcrr7t!
Missing character: There is no â in font pcrr7t!
Missing character: There is no € in font pcrr7t!
Missing character: There is no ˜ in font pcrr7t!
Missing character: There is no â in font pcrr7t!
Missing character: There is no € in font pcrr7t!
Missing character: There is no ™ in font pcrr7t!
Missing character: There is no â in font pcrr7t!
Missing character: There is no € in font pcrr7t!
Missing character: There is no ˜ in font pcrr7t!
Missing character: There is no â in font pcrr7t!
Missing character: There is no € in font pcrr7t!
Missing character: There is no ™ in font pcrr7t!
Missing character: There is no â in font pcrr7t!
Missing character: There is no € in font pcrr7t!
Missing character: There is no ˜ in font pcrr7t!
Missing character: There is no â in font pcrr7t!
Missing character: There is no € in font pcrr7t!
Missing character: There is no ™ in font pcrr7t!
Missing character: There is no â in font pcrr7t!
Missing character: There is no € in font pcrr7t!
Missing character: There is no ˜ in font pcrr7t!
Missing character: There is no â in font pcrr7t!
Missing character: There is no € in font pcrr7t!
Missing character: There is no ™ in font pcrr7t!
Missing character: There is no â in font pcrr7t!
Missing character: There is no € in font pcrr7t!
Missing character: There is no ˜ in font pcrr7t!
Missing character: There is no â in font pcrr7t!
Missing character: There is no € in font pcrr7t!
Missing character: There is no ™ in font pcrr7t!
Missing character: There is no â in font pcrr7t!
Missing character: There is no € in font pcrr7t!
Missing character: There is no ˜ in font pcrr7t!
Missing character: There is no â in font pcrr7t!
Missing character: There is no € in font pcrr7t!
Missing character: There is no ™ in font pcrr7t!
Missing character: There is no â in font pcrr7t!
Missing character: There is no € in font pcrr7t!
Missing character: There is no ˜ in font pcrr7t!
Missing character: There is no â in font pcrr7t!
Missing character: There is no € in font pcrr7t!
Missing character: There is no ™ in font pcrr7t!
Missing character: There is no â in font pcrr7t!
Missing character: There is no € in font pcrr7t!
Missing character: There is no ˜ in font pcrr7t!
Missing character: There is no â in font pcrr7t!
Missing character: There is no € in font pcrr7t!
Missing character: There is no ™ in font pcrr7t!
Missing character: There is no â in font pcrr7t!
Missing character: There is no € in font pcrr7t!
Missing character: There is no ˜ in font pcrr7t!
Missing character: There is no â in font pcrr7t!
Missing character: There is no € in font pcrr7t!
Missing character: There is no ™ in font pcrr7t!
 [16]
Missing character: There is no â in font pcrr7t!
Missing character: There is no € in font pcrr7t!
Missing character: There is no ˜ in font pcrr7t!
Missing character: There is no â in font pcrr7t!
Missing character: There is no € in font pcrr7t!
Missing character: There is no ™ in font pcrr7t!
Missing character: There is no â in font pcrr7t!
Missing character: There is no € in font pcrr7t!
Missing character: There is no ˜ in font pcrr7t!
Missing character: There is no â in font pcrr7t!
Missing character: There is no € in font pcrr7t!
Missing character: There is no ™ in font pcrr7t!
Missing character: There is no â in font pcrr7t!
Missing character: There is no € in font pcrr7t!
Missing character: There is no ˜ in font pcrr7t!
Missing character: There is no â in font pcrr7t!
Missing character: There is no € in font pcrr7t!
Missing character: There is no ™ in font pcrr7t!
Missing character: There is no â in font pcrr7t!
Missing character: There is no € in font pcrr7t!
Missing character: There is no ˜ in font pcrr7t!
Missing character: There is no â in font pcrr7t!
Missing character: There is no € in font pcrr7t!
Missing character: There is no ™ in font pcrr7t!
Missing character: There is no â in font pcrr7t!
Missing character: There is no € in font pcrr7t!
Missing character: There is no ˜ in font pcrr7t!
Missing character: There is no â in font pcrr7t!
Missing character: There is no € in font pcrr7t!
Missing character: There is no ™ in font pcrr7t!
Missing character: There is no â in font pcrr7t!
Missing character: There is no € in font pcrr7t!
Missing character: There is no ˜ in font pcrr7t!
Missing character: There is no â in font pcrr7t!
Missing character: There is no € in font pcrr7t!
Missing character: There is no ™ in font pcrr7t!
Missing character: There is no â in font pcrr7t!
Missing character: There is no € in font pcrr7t!
Missing character: There is no ˜ in font pcrr7t!
Missing character: There is no â in font pcrr7t!
Missing character: There is no € in font pcrr7t!
Missing character: There is no ™ in font pcrr7t!
Missing character: There is no â in font pcrr7t!
Missing character: There is no € in font pcrr7t!
Missing character: There is no ˜ in font pcrr7t!
Missing character: There is no â in font pcrr7t!
Missing character: There is no € in font pcrr7t!
Missing character: There is no ™ in font pcrr7t!
Missing character: There is no â in font pcrr7t!
Missing character: There is no € in font pcrr7t!
Missing character: There is no ˜ in font pcrr7t!
Missing character: There is no â in font pcrr7t!
Missing character: There is no € in font pcrr7t!
Missing character: There is no ™ in font pcrr7t!
Missing character: There is no â in font pcrr7t!
Missing character: There is no € in font pcrr7t!
Missing character: There is no ˜ in font pcrr7t!
Missing character: There is no â in font pcrr7t!
Missing character: There is no € in font pcrr7t!
Missing character: There is no ™ in font pcrr7t!
 [17]
Missing character: There is no â in font pcrr7t!
Missing character: There is no € in font pcrr7t!
Missing character: There is no ˜ in font pcrr7t!
Missing character: There is no â in font pcrr7t!
Missing character: There is no € in font pcrr7t!
Missing character: There is no ™ in font pcrr7t!
Missing character: There is no â in font pcrr7t!
Missing character: There is no € in font pcrr7t!
Missing character: There is no ˜ in font pcrr7t!
Missing character: There is no â in font pcrr7t!
Missing character: There is no € in font pcrr7t!
Missing character: There is no ™ in font pcrr7t!
Missing character: There is no â in font pcrr7t!
Missing character: There is no € in font pcrr7t!
Missing character: There is no ˜ in font pcrr7t!
Missing character: There is no â in font pcrr7t!
Missing character: There is no € in font pcrr7t!
Missing character: There is no ™ in font pcrr7t!
Missing character: There is no â in font pcrr7t!
Missing character: There is no € in font pcrr7t!
Missing character: There is no ˜ in font pcrr7t!
Missing character: There is no â in font pcrr7t!
Missing character: There is no € in font pcrr7t!
Missing character: There is no ™ in font pcrr7t!
Missing character: There is no â in font pcrr7t!
Missing character: There is no € in font pcrr7t!
Missing character: There is no ˜ in font pcrr7t!
Missing character: There is no â in font pcrr7t!
Missing character: There is no € in font pcrr7t!
Missing character: There is no ™ in font pcrr7t!
Missing character: There is no â in font pcrr7t!
Missing character: There is no € in font pcrr7t!
Missing character: There is no ˜ in font pcrr7t!
Missing character: There is no â in font pcrr7t!
Missing character: There is no € in font pcrr7t!
Missing character: There is no ™ in font pcrr7t!
Missing character: There is no â in font pcrr7t!
Missing character: There is no € in font pcrr7t!
Missing character: There is no ˜ in font pcrr7t!
Missing character: There is no â in font pcrr7t!
Missing character: There is no € in font pcrr7t!
Missing character: There is no ™ in font pcrr7t!
Missing character: There is no â in font pcrr7t!
Missing character: There is no € in font pcrr7t!
Missing character: There is no ˜ in font pcrr7t!
Missing character: There is no â in font pcrr7t!
Missing character: There is no € in font pcrr7t!
Missing character: There is no ™ in font pcrr7t!
Missing character: There is no â in font pcrr7t!
Missing character: There is no € in font pcrr7t!
Missing character: There is no ˜ in font pcrr7t!
Missing character: There is no â in font pcrr7t!
Missing character: There is no € in font pcrr7t!
Missing character: There is no ™ in font pcrr7t!
Missing character: There is no â in font pcrr7t!
Missing character: There is no € in font pcrr7t!
Missing character: There is no ˜ in font pcrr7t!
Missing character: There is no â in font pcrr7t!
Missing character: There is no € in font pcrr7t!
Missing character: There is no ™ in font pcrr7t!
 [18]
Missing character: There is no â in font pcrr7t!
Missing character: There is no € in font pcrr7t!
Missing character: There is no ˜ in font pcrr7t!
Missing character: There is no â in font pcrr7t!
Missing character: There is no € in font pcrr7t!
Missing character: There is no ™ in font pcrr7t!
Missing character: There is no â in font pcrr7t!
Missing character: There is no € in font pcrr7t!
Missing character: There is no ˜ in font pcrr7t!
Missing character: There is no â in font pcrr7t!
Missing character: There is no € in font pcrr7t!
Missing character: There is no ™ in font pcrr7t!
Missing character: There is no â in font pcrr7t!
Missing character: There is no € in font pcrr7t!
Missing character: There is no ˜ in font pcrr7t!
Missing character: There is no â in font pcrr7t!
Missing character: There is no € in font pcrr7t!
Missing character: There is no ™ in font pcrr7t!
Missing character: There is no â in font pcrr7t!
Missing character: There is no € in font pcrr7t!
Missing character: There is no ˜ in font pcrr7t!
Missing character: There is no â in font pcrr7t!
Missing character: There is no € in font pcrr7t!
Missing character: There is no ™ in font pcrr7t!
Missing character: There is no â in font pcrr7t!
Missing character: There is no € in font pcrr7t!
Missing character: There is no ˜ in font pcrr7t!
Missing character: There is no â in font pcrr7t!
Missing character: There is no € in font pcrr7t!
Missing character: There is no ™ in font pcrr7t!
Missing character: There is no â in font pcrr7t!
Missing character: There is no € in font pcrr7t!
Missing character: There is no ˜ in font pcrr7t!
Missing character: There is no â in font pcrr7t!
Missing character: There is no € in font pcrr7t!
Missing character: There is no ™ in font pcrr7t!
Missing character: There is no â in font pcrr7t!
Missing character: There is no € in font pcrr7t!
Missing character: There is no ˜ in font pcrr7t!
Missing character: There is no â in font pcrr7t!
Missing character: There is no € in font pcrr7t!
Missing character: There is no ™ in font pcrr7t!
Missing character: There is no â in font pcrr7t!
Missing character: There is no € in font pcrr7t!
Missing character: There is no ˜ in font pcrr7t!
Missing character: There is no â in font pcrr7t!
Missing character: There is no € in font pcrr7t!
Missing character: There is no ™ in font pcrr7t!
Missing character: There is no â in font pcrr7t!
Missing character: There is no € in font pcrr7t!
Missing character: There is no ˜ in font pcrr7t!
Missing character: There is no â in font pcrr7t!
Missing character: There is no € in font pcrr7t!
Missing character: There is no ™ in font pcrr7t!
Missing character: There is no â in font pcrr7t!
Missing character: There is no € in font pcrr7t!
Missing character: There is no ˜ in font pcrr7t!
Missing character: There is no â in font pcrr7t!
Missing character: There is no € in font pcrr7t!
Missing character: There is no ™ in font pcrr7t!
 [19]
Package atveryend Info: Empty hook `BeforeClearDocument' on input line 776.
 [20]
Package atveryend Info: Empty hook `AfterLastShipout' on input line 776.

(FinalReport455.aux)
Package atveryend Info: Executing hook `AtVeryEndDocument' on input line 776.
Package atveryend Info: Executing hook `AtEndAfterFileList' on input line 776.
Package rerunfilecheck Info: File `FinalReport455.out' has not changed.
(rerunfilecheck)             Checksum: D41D8CD98F00B204E9800998ECF8427E;0.
Package atveryend Info: Empty hook `AtVeryVeryEnd' on input line 776.
 ) 
Here is how much of TeX's memory you used:
 8304 strings out of 493622
 133992 string characters out of 3135547
 287930 words of memory out of 3000000
 11567 multiletter control sequences out of 15000+200000
 20835 words of font info for 45 fonts, out of 3000000 for 9000
 1025 hyphenation exceptions out of 8191
 41i,8n,46p,1906b,438s stack positions out of 5000i,500n,10000p,200000b,50000s
{C:/Users/BDVR/AppData/Local/Programs/MiKTeX 2.9/fonts/enc/dvips/fontname/8r.
enc}<C:/Users/BDVR/AppData/Local/Programs/MiKTeX 2.9/fonts/type1/public/amsfont
s/cm/cmmi10.pfb><C:/Users/BDVR/AppData/Local/Programs/MiKTeX 2.9/fonts/type1/pu
blic/amsfonts/cm/cmmi6.pfb><C:/Users/BDVR/AppData/Local/Programs/MiKTeX 2.9/fon
ts/type1/public/amsfonts/cm/cmmi8.pfb><C:/Users/BDVR/AppData/Local/Programs/MiK
TeX 2.9/fonts/type1/public/amsfonts/cm/cmr10.pfb><C:/Users/BDVR/AppData/Local/P
rograms/MiKTeX 2.9/fonts/type1/public/amsfonts/cm/cmr6.pfb><C:/Users/BDVR/AppDa
ta/Local/Programs/MiKTeX 2.9/fonts/type1/public/amsfonts/cm/cmr8.pfb><C:/Users/
BDVR/AppData/Local/Programs/MiKTeX 2.9/fonts/type1/public/amsfonts/cm/cmsy10.pf
b><C:/Users/BDVR/AppData/Local/Programs/MiKTeX 2.9/fonts/type1/public/amsfonts/
cm/cmsy6.pfb><C:/Users/BDVR/AppData/Local/Programs/MiKTeX 2.9/fonts/type1/publi
c/amsfonts/cm/cmsy8.pfb><C:/Users/BDVR/AppData/Local/Programs/MiKTeX 2.9/fonts/
type1/urw/courier/ucrr8a.pfb><C:/Users/BDVR/AppData/Local/Programs/MiKTeX 2.9/f
onts/type1/urw/helvetic/uhvb8a.pfb><C:/Users/BDVR/AppData/Local/Programs/MiKTeX
 2.9/fonts/type1/urw/times/utmb8a.pfb><C:/Users/BDVR/AppData/Local/Programs/MiK
TeX 2.9/fonts/type1/urw/times/utmr8a.pfb><C:/Users/BDVR/AppData/Local/Programs/
MiKTeX 2.9/fonts/type1/urw/times/utmri8a.pfb>
Output written on FinalReport455.pdf (20 pages, 10199062 bytes).
PDF statistics:
 241 PDF objects out of 1000 (max. 8388607)
 48 named destinations out of 1000 (max. 500000)
 71 words of extra memory for PDF output out of 10000 (max. 10000000)

